<?xml version="1.0" encoding="UTF-8"?>
<!-- Generated by org.testng.reporters.JUnitReportReporter -->
<testsuite hostname="Vishnus" name="Tests.TestBeginner" tests="1" failures="0" timestamp="30 May 2015 11:42:01 GMT" time="9.235" errors="0">
  <testcase name="test1" time="9.235" classname="Tests.TestBeginner"/>
</testsuite> <!-- Tests.TestBeginner -->
